using System;
using System.Collections.Generic;
using System.Linq;
using System.Web;
using System.Web.UI;
using System.Web.UI.WebControls;

public partial class DataSheetLogin : System.Web.UI.Page
{
    protected void Page_Load(object sender, EventArgs e)
    {

    }
    protected void cmdSubmit_Click(object sender, EventArgs e)
    {
        if (txtUserName.Text.Trim().ToLower() == "gcblr" && txtPassword.Text.Trim().ToLower() == "q1w2e3")
        {
            HttpCookie cookie = new HttpCookie("UserDetail");//create cookie
            cookie["UserDetail"] = "q1w2e3";//t0 set cookie to a value
            Response.Cookies.Add(cookie);//to add current web responce
            Response.Redirect("Datasheets.aspx");
        }
        else
        {
            ClientScript.RegisterClientScriptBlock(Page.GetType(), "Failure", "alert('Enter valid username and password to login.');", true);
        }
    }
}
